Analysis & Synthesis report for ALU8BitsDisplaysFP
Mon Oct 16 17:22:37 2023
Quartus Prime Version 22.1std.2 Build 922 07/20/2023 SC Lite Edition


---------------------
; Table of Contents ;
---------------------
  1. Legal Notice
  2. Analysis & Synthesis Summary
  3. Analysis & Synthesis Settings
  4. Parallel Compilation
  5. Analysis & Synthesis Source Files Read
  6. Analysis & Synthesis Resource Usage Summary
  7. Analysis & Synthesis Resource Utilization by Entity
  8. Analysis & Synthesis DSP Block Usage Summary
  9. General Register Statistics
 10. Multiplexer Restructuring Statistics (Restructuring Performed)
 11. Parameter Settings for User Entity Instance: Top-level Entity: |ALU8BitsDisplaysFP
 12. Parameter Settings for User Entity Instance: DisplayDriverALU4_4FP:DisplayDriver
 13. Parameter Settings for Inferred Entity Instance: lpm_mult:Mult0
 14. lpm_mult Parameter Settings by Entity Instance
 15. Port Connectivity Checks: "DisplayDriverALU4_4FP:DisplayDriver|BCDto7Segs:DisplayDecoder4"
 16. Port Connectivity Checks: "DisplayDriverALU4_4FP:DisplayDriver|BCDto7Segs:DisplayDecoder3"
 17. Port Connectivity Checks: "DisplayDriverALU4_4FP:DisplayDriver|BCDto7Segs:DisplayDecoder2"
 18. Port Connectivity Checks: "DisplayDriverALU4_4FP:DisplayDriver|BCDto7Segs:DisplayDecoder1"
 19. Port Connectivity Checks: "DisplayDriverALU4_4FP:DisplayDriver"
 20. Post-Synthesis Netlist Statistics for Top Partition
 21. Elapsed Time Per Partition
 22. Analysis & Synthesis Messages



----------------
; Legal Notice ;
----------------
Copyright (C) 2023  Intel Corporation. All rights reserved.
Your use of Intel Corporation's design tools, logic functions 
and other software and tools, and any partner logic 
functions, and any output files from any of the foregoing 
(including device programming or simulation files), and any 
associated documentation or information are expressly subject 
to the terms and conditions of the Intel Program License 
Subscription Agreement, the Intel Quartus Prime License Agreement,
the Intel FPGA IP License Agreement, or other applicable license
agreement, including, without limitation, that your use is for
the sole purpose of programming logic devices manufactured by
Intel and sold by Intel or its authorized distributors.  Please
refer to the applicable agreement for further details, at
https://fpgasoftware.intel.com/eula.



+-------------------------------------------------------------------------------------+
; Analysis & Synthesis Summary                                                        ;
+------------------------------------+------------------------------------------------+
; Analysis & Synthesis Status        ; Successful - Mon Oct 16 17:22:37 2023          ;
; Quartus Prime Version              ; 22.1std.2 Build 922 07/20/2023 SC Lite Edition ;
; Revision Name                      ; ALU8BitsDisplaysFP                             ;
; Top-level Entity Name              ; ALU8BitsDisplaysFP                             ;
; Family                             ; Cyclone IV E                                   ;
; Total logic elements               ; 108                                            ;
;     Total combinational functions  ; 108                                            ;
;     Dedicated logic registers      ; 19                                             ;
; Total registers                    ; 19                                             ;
; Total pins                         ; 36                                             ;
; Total virtual pins                 ; 0                                              ;
; Total memory bits                  ; 0                                              ;
; Embedded Multiplier 9-bit elements ; 1                                              ;
; Total PLLs                         ; 0                                              ;
+------------------------------------+------------------------------------------------+


+------------------------------------------------------------------------------------------------------------+
; Analysis & Synthesis Settings                                                                              ;
+------------------------------------------------------------------+--------------------+--------------------+
; Option                                                           ; Setting            ; Default Value      ;
+------------------------------------------------------------------+--------------------+--------------------+
; Device                                                           ; EP4CE6E22C8        ;                    ;
; Top-level entity name                                            ; ALU8BitsDisplaysFP ; ALU8BitsDisplaysFP ;
; Family name                                                      ; Cyclone IV E       ; Cyclone V          ;
; Maximum processors allowed for parallel compilation              ; 16                 ;                    ;
; Use smart compilation                                            ; Off                ; Off                ;
; Enable parallel Assembler and Timing Analyzer during compilation ; On                 ; On                 ;
; Enable compact report table                                      ; Off                ; Off                ;
; Restructure Multiplexers                                         ; Auto               ; Auto               ;
; Create Debugging Nodes for IP Cores                              ; Off                ; Off                ;
; Preserve fewer node names                                        ; On                 ; On                 ;
; Intel FPGA IP Evaluation Mode                                    ; Enable             ; Enable             ;
; Verilog Version                                                  ; Verilog_2001       ; Verilog_2001       ;
; VHDL Version                                                     ; VHDL_1993          ; VHDL_1993          ;
; State Machine Processing                                         ; Auto               ; Auto               ;
; Safe State Machine                                               ; Off                ; Off                ;
; Extract Verilog State Machines                                   ; On                 ; On                 ;
; Extract VHDL State Machines                                      ; On                 ; On                 ;
; Ignore Verilog initial constructs                                ; Off                ; Off                ;
; Iteration limit for constant Verilog loops                       ; 5000               ; 5000               ;
; Iteration limit for non-constant Verilog loops                   ; 250                ; 250                ;
; Add Pass-Through Logic to Inferred RAMs                          ; On                 ; On                 ;
; Infer RAMs from Raw Logic                                        ; On                 ; On                 ;
; Parallel Synthesis                                               ; On                 ; On                 ;
; DSP Block Balancing                                              ; Auto               ; Auto               ;
; NOT Gate Push-Back                                               ; On                 ; On                 ;
; Power-Up Don't Care                                              ; On                 ; On                 ;
; Remove Redundant Logic Cells                                     ; Off                ; Off                ;
; Remove Duplicate Registers                                       ; On                 ; On                 ;
; Ignore CARRY Buffers                                             ; Off                ; Off                ;
; Ignore CASCADE Buffers                                           ; Off                ; Off                ;
; Ignore GLOBAL Buffers                                            ; Off                ; Off                ;
; Ignore ROW GLOBAL Buffers                                        ; Off                ; Off                ;
; Ignore LCELL Buffers                                             ; Off                ; Off                ;
; Ignore SOFT Buffers                                              ; On                 ; On                 ;
; Limit AHDL Integers to 32 Bits                                   ; Off                ; Off                ;
; Optimization Technique                                           ; Balanced           ; Balanced           ;
; Carry Chain Length                                               ; 70                 ; 70                 ;
; Auto Carry Chains                                                ; On                 ; On                 ;
; Auto Open-Drain Pins                                             ; On                 ; On                 ;
; Perform WYSIWYG Primitive Resynthesis                            ; Off                ; Off                ;
; Auto ROM Replacement                                             ; On                 ; On                 ;
; Auto RAM Replacement                                             ; On                 ; On                 ;
; Auto DSP Block Replacement                                       ; On                 ; On                 ;
; Auto Shift Register Replacement                                  ; Auto               ; Auto               ;
; Allow Shift Register Merging across Hierarchies                  ; Auto               ; Auto               ;
; Auto Clock Enable Replacement                                    ; On                 ; On                 ;
; Strict RAM Replacement                                           ; Off                ; Off                ;
; Allow Synchronous Control Signals                                ; On                 ; On                 ;
; Force Use of Synchronous Clear Signals                           ; Off                ; Off                ;
; Auto RAM Block Balancing                                         ; On                 ; On                 ;
; Auto RAM to Logic Cell Conversion                                ; Off                ; Off                ;
; Auto Resource Sharing                                            ; Off                ; Off                ;
; Allow Any RAM Size For Recognition                               ; Off                ; Off                ;
; Allow Any ROM Size For Recognition                               ; Off                ; Off                ;
; Allow Any Shift Register Size For Recognition                    ; Off                ; Off                ;
; Use LogicLock Constraints during Resource Balancing              ; On                 ; On                 ;
; Ignore translate_off and synthesis_off directives                ; Off                ; Off                ;
; Timing-Driven Synthesis                                          ; On                 ; On                 ;
; Report Parameter Settings                                        ; On                 ; On                 ;
; Report Source Assignments                                        ; On                 ; On                 ;
; Report Connectivity Checks                                       ; On                 ; On                 ;
; Ignore Maximum Fan-Out Assignments                               ; Off                ; Off                ;
; Synchronization Register Chain Length                            ; 2                  ; 2                  ;
; Power Optimization During Synthesis                              ; Normal compilation ; Normal compilation ;
; HDL message level                                                ; Level2             ; Level2             ;
; Suppress Register Optimization Related Messages                  ; Off                ; Off                ;
; Number of Removed Registers Reported in Synthesis Report         ; 5000               ; 5000               ;
; Number of Swept Nodes Reported in Synthesis Report               ; 5000               ; 5000               ;
; Number of Inverted Registers Reported in Synthesis Report        ; 100                ; 100                ;
; Clock MUX Protection                                             ; On                 ; On                 ;
; Auto Gated Clock Conversion                                      ; Off                ; Off                ;
; Block Design Naming                                              ; Auto               ; Auto               ;
; SDC constraint protection                                        ; Off                ; Off                ;
; Synthesis Effort                                                 ; Auto               ; Auto               ;
; Shift Register Replacement - Allow Asynchronous Clear Signal     ; On                 ; On                 ;
; Pre-Mapping Resynthesis Optimization                             ; Off                ; Off                ;
; Analysis & Synthesis Message Level                               ; Medium             ; Medium             ;
; Disable Register Merging Across Hierarchies                      ; Auto               ; Auto               ;
; Resource Aware Inference For Block RAM                           ; On                 ; On                 ;
+------------------------------------------------------------------+--------------------+--------------------+


+------------------------------------------+
; Parallel Compilation                     ;
+----------------------------+-------------+
; Processors                 ; Number      ;
+----------------------------+-------------+
; Number detected on machine ; 16          ;
; Maximum allowed            ; 16          ;
;                            ;             ;
; Average used               ; 1.00        ;
; Maximum used               ; 16          ;
;                            ;             ;
; Usage by Processor         ; % Time Used ;
;     Processor 1            ; 100.0%      ;
;     Processors 2-16        ;   0.0%      ;
+----------------------------+-------------+


+-----------------------------------------------------------------------------------------------------------------------------------------------------------------------------------------------------+
; Analysis & Synthesis Source Files Read                                                                                                                                                              ;
+----------------------------------+-----------------+------------------------------+-------------------------------------------------------------------------------------------------------+---------+
; File Name with User-Entered Path ; Used in Netlist ; File Type                    ; File Name with Absolute Path                                                                          ; Library ;
+----------------------------------+-----------------+------------------------------+-------------------------------------------------------------------------------------------------------+---------+
; ALU8BitsDisplaysFP.vhd           ; yes             ; User VHDL File               ; /home/lord448/Documentos/TEC/9no/Hardware/Repo/Practica2/ALU8BitsDisplaysFP/ALU8BitsDisplaysFP.vhd    ;         ;
; BCDto7Segs.vhd                   ; yes             ; User VHDL File               ; /home/lord448/Documentos/TEC/9no/Hardware/Repo/Practica2/ALU8BitsDisplaysFP/BCDto7Segs.vhd            ;         ;
; DisplayDriverALU4_4FP.vhd        ; yes             ; User VHDL File               ; /home/lord448/Documentos/TEC/9no/Hardware/Repo/Practica2/ALU8BitsDisplaysFP/DisplayDriverALU4_4FP.vhd ;         ;
; lpm_mult.tdf                     ; yes             ; Megafunction                 ; /opt/intelFPGA_lite/22.1.2/quartus/libraries/megafunctions/lpm_mult.tdf                               ;         ;
; aglobal221.inc                   ; yes             ; Megafunction                 ; /opt/intelFPGA_lite/22.1.2/quartus/libraries/megafunctions/aglobal221.inc                             ;         ;
; lpm_add_sub.inc                  ; yes             ; Megafunction                 ; /opt/intelFPGA_lite/22.1.2/quartus/libraries/megafunctions/lpm_add_sub.inc                            ;         ;
; multcore.inc                     ; yes             ; Megafunction                 ; /opt/intelFPGA_lite/22.1.2/quartus/libraries/megafunctions/multcore.inc                               ;         ;
; bypassff.inc                     ; yes             ; Megafunction                 ; /opt/intelFPGA_lite/22.1.2/quartus/libraries/megafunctions/bypassff.inc                               ;         ;
; altshift.inc                     ; yes             ; Megafunction                 ; /opt/intelFPGA_lite/22.1.2/quartus/libraries/megafunctions/altshift.inc                               ;         ;
; db/mult_73t.tdf                  ; yes             ; Auto-Generated Megafunction  ; /home/lord448/Documentos/TEC/9no/Hardware/Repo/Practica2/ALU8BitsDisplaysFP/db/mult_73t.tdf           ;         ;
+----------------------------------+-----------------+------------------------------+-------------------------------------------------------------------------------------------------------+---------+


+----------------------------------------------------------------+
; Analysis & Synthesis Resource Usage Summary                    ;
+---------------------------------------------+------------------+
; Resource                                    ; Usage            ;
+---------------------------------------------+------------------+
; Estimated Total logic elements              ; 108              ;
;                                             ;                  ;
; Total combinational functions               ; 108              ;
; Logic element usage by number of LUT inputs ;                  ;
;     -- 4 input functions                    ; 45               ;
;     -- 3 input functions                    ; 27               ;
;     -- <=2 input functions                  ; 36               ;
;                                             ;                  ;
; Logic elements by mode                      ;                  ;
;     -- normal mode                          ; 77               ;
;     -- arithmetic mode                      ; 31               ;
;                                             ;                  ;
; Total registers                             ; 19               ;
;     -- Dedicated logic registers            ; 19               ;
;     -- I/O registers                        ; 0                ;
;                                             ;                  ;
; I/O pins                                    ; 36               ;
;                                             ;                  ;
; Embedded Multiplier 9-bit elements          ; 1                ;
;                                             ;                  ;
; Maximum fan-out node                        ; i_OpSel[1]~input ;
; Maximum fan-out                             ; 21               ;
; Total fan-out                               ; 429              ;
; Average fan-out                             ; 2.13             ;
+---------------------------------------------+------------------+


+-------------------------------------------------------------------------------------------------------------------------------------------------------------------------------------------------------------------------------------------------------------------------------------------------+
; Analysis & Synthesis Resource Utilization by Entity                                                                                                                                                                                                                                             ;
+------------------------------------------+---------------------+---------------------------+-------------+--------------+---------+-----------+------+--------------+------------------------------------------------------------------------------------+-----------------------+--------------+
; Compilation Hierarchy Node               ; Combinational ALUTs ; Dedicated Logic Registers ; Memory Bits ; DSP Elements ; DSP 9x9 ; DSP 18x18 ; Pins ; Virtual Pins ; Full Hierarchy Name                                                                ; Entity Name           ; Library Name ;
+------------------------------------------+---------------------+---------------------------+-------------+--------------+---------+-----------+------+--------------+------------------------------------------------------------------------------------+-----------------------+--------------+
; |ALU8BitsDisplaysFP                      ; 108 (31)            ; 19 (0)                    ; 0           ; 1            ; 1       ; 0         ; 36   ; 0            ; |ALU8BitsDisplaysFP                                                                ; ALU8BitsDisplaysFP    ; work         ;
;    |DisplayDriverALU4_4FP:DisplayDriver| ; 77 (42)             ; 19 (19)                   ; 0           ; 0            ; 0       ; 0         ; 0    ; 0            ; |ALU8BitsDisplaysFP|DisplayDriverALU4_4FP:DisplayDriver                            ; DisplayDriverALU4_4FP ; work         ;
;       |BCDto7Segs:DisplayDecoder1|       ; 7 (7)               ; 0 (0)                     ; 0           ; 0            ; 0       ; 0         ; 0    ; 0            ; |ALU8BitsDisplaysFP|DisplayDriverALU4_4FP:DisplayDriver|BCDto7Segs:DisplayDecoder1 ; BCDto7Segs            ; work         ;
;       |BCDto7Segs:DisplayDecoder2|       ; 7 (7)               ; 0 (0)                     ; 0           ; 0            ; 0       ; 0         ; 0    ; 0            ; |ALU8BitsDisplaysFP|DisplayDriverALU4_4FP:DisplayDriver|BCDto7Segs:DisplayDecoder2 ; BCDto7Segs            ; work         ;
;       |BCDto7Segs:DisplayDecoder3|       ; 7 (7)               ; 0 (0)                     ; 0           ; 0            ; 0       ; 0         ; 0    ; 0            ; |ALU8BitsDisplaysFP|DisplayDriverALU4_4FP:DisplayDriver|BCDto7Segs:DisplayDecoder3 ; BCDto7Segs            ; work         ;
;       |BCDto7Segs:DisplayDecoder4|       ; 14 (14)             ; 0 (0)                     ; 0           ; 0            ; 0       ; 0         ; 0    ; 0            ; |ALU8BitsDisplaysFP|DisplayDriverALU4_4FP:DisplayDriver|BCDto7Segs:DisplayDecoder4 ; BCDto7Segs            ; work         ;
;    |lpm_mult:Mult0|                      ; 0 (0)               ; 0 (0)                     ; 0           ; 1            ; 1       ; 0         ; 0    ; 0            ; |ALU8BitsDisplaysFP|lpm_mult:Mult0                                                 ; lpm_mult              ; work         ;
;       |mult_73t:auto_generated|          ; 0 (0)               ; 0 (0)                     ; 0           ; 1            ; 1       ; 0         ; 0    ; 0            ; |ALU8BitsDisplaysFP|lpm_mult:Mult0|mult_73t:auto_generated                         ; mult_73t              ; work         ;
+------------------------------------------+---------------------+---------------------------+-------------+--------------+---------+-----------+------+--------------+------------------------------------------------------------------------------------+-----------------------+--------------+
Note: For table entries with two numbers listed, the numbers in parentheses indicate the number of resources of the given type used by the specific entity alone. The numbers listed outside of parentheses indicate the total resources of the given type used by the specific entity and all of its sub-entities in the hierarchy.


+-----------------------------------------------------+
; Analysis & Synthesis DSP Block Usage Summary        ;
+---------------------------------------+-------------+
; Statistic                             ; Number Used ;
+---------------------------------------+-------------+
; Simple Multipliers (9-bit)            ; 1           ;
; Simple Multipliers (18-bit)           ; 0           ;
; Embedded Multiplier Blocks            ; --          ;
; Embedded Multiplier 9-bit elements    ; 1           ;
; Signed Embedded Multipliers           ; 1           ;
; Unsigned Embedded Multipliers         ; 0           ;
; Mixed Sign Embedded Multipliers       ; 0           ;
; Variable Sign Embedded Multipliers    ; 0           ;
; Dedicated Input Shift Register Chains ; 0           ;
+---------------------------------------+-------------+
Note: number of Embedded Multiplier Blocks used is only available after a successful fit.


+------------------------------------------------------+
; General Register Statistics                          ;
+----------------------------------------------+-------+
; Statistic                                    ; Value ;
+----------------------------------------------+-------+
; Total registers                              ; 19    ;
; Number of registers using Synchronous Clear  ; 17    ;
; Number of registers using Synchronous Load   ; 0     ;
; Number of registers using Asynchronous Clear ; 0     ;
; Number of registers using Asynchronous Load  ; 0     ;
; Number of registers using Clock Enable       ; 0     ;
; Number of registers using Preset             ; 0     ;
+----------------------------------------------+-------+


+-----------------------------------------------------------------------------------------------------------------------------------------------------------------------------+
; Multiplexer Restructuring Statistics (Restructuring Performed)                                                                                                              ;
+--------------------+-----------+---------------+----------------------+------------------------+------------+---------------------------------------------------------------+
; Multiplexer Inputs ; Bus Width ; Baseline Area ; Area if Restructured ; Saving if Restructured ; Registered ; Example Multiplexer Output                                    ;
+--------------------+-----------+---------------+----------------------+------------------------+------------+---------------------------------------------------------------+
; 16:1               ; 7 bits    ; 70 LEs        ; 14 LEs               ; 56 LEs                 ; No         ; |ALU8BitsDisplaysFP|DisplayDriverALU4_4FP:DisplayDriver|Mux10 ;
+--------------------+-----------+---------------+----------------------+------------------------+------------+---------------------------------------------------------------+


+------------------------------------------------------------------------------------+
; Parameter Settings for User Entity Instance: Top-level Entity: |ALU8BitsDisplaysFP ;
+----------------+--------+----------------------------------------------------------+
; Parameter Name ; Value  ; Type                                                     ;
+----------------+--------+----------------------------------------------------------+
; g_PSC_COUNTS   ; 100000 ; Signed Integer                                           ;
+----------------+--------+----------------------------------------------------------+
Note: In order to hide this table in the UI and the text report file, please set the "Show Parameter Settings in Synthesis Report" option in "Analysis and Synthesis Settings -> More Settings" to "Off".


+----------------------------------------------------------------------------------+
; Parameter Settings for User Entity Instance: DisplayDriverALU4_4FP:DisplayDriver ;
+----------------+--------+--------------------------------------------------------+
; Parameter Name ; Value  ; Type                                                   ;
+----------------+--------+--------------------------------------------------------+
; g_psc_counts   ; 100000 ; Signed Integer                                         ;
+----------------+--------+--------------------------------------------------------+
Note: In order to hide this table in the UI and the text report file, please set the "Show Parameter Settings in Synthesis Report" option in "Analysis and Synthesis Settings -> More Settings" to "Off".


+-------------------------------------------------------------------------------------+
; Parameter Settings for Inferred Entity Instance: lpm_mult:Mult0                     ;
+------------------------------------------------+--------------+---------------------+
; Parameter Name                                 ; Value        ; Type                ;
+------------------------------------------------+--------------+---------------------+
; AUTO_CARRY_CHAINS                              ; ON           ; AUTO_CARRY          ;
; IGNORE_CARRY_BUFFERS                           ; OFF          ; IGNORE_CARRY        ;
; AUTO_CASCADE_CHAINS                            ; ON           ; AUTO_CASCADE        ;
; IGNORE_CASCADE_BUFFERS                         ; OFF          ; IGNORE_CASCADE      ;
; LPM_WIDTHA                                     ; 8            ; Untyped             ;
; LPM_WIDTHB                                     ; 8            ; Untyped             ;
; LPM_WIDTHP                                     ; 16           ; Untyped             ;
; LPM_WIDTHR                                     ; 16           ; Untyped             ;
; LPM_WIDTHS                                     ; 1            ; Untyped             ;
; LPM_REPRESENTATION                             ; SIGNED       ; Untyped             ;
; LPM_PIPELINE                                   ; 0            ; Untyped             ;
; LATENCY                                        ; 0            ; Untyped             ;
; INPUT_A_IS_CONSTANT                            ; NO           ; Untyped             ;
; INPUT_B_IS_CONSTANT                            ; NO           ; Untyped             ;
; USE_EAB                                        ; OFF          ; Untyped             ;
; MAXIMIZE_SPEED                                 ; 5            ; Untyped             ;
; DEVICE_FAMILY                                  ; Cyclone IV E ; Untyped             ;
; CARRY_CHAIN                                    ; MANUAL       ; Untyped             ;
; APEX20K_TECHNOLOGY_MAPPER                      ; LUT          ; TECH_MAPPER_APEX20K ;
; DEDICATED_MULTIPLIER_CIRCUITRY                 ; AUTO         ; Untyped             ;
; DEDICATED_MULTIPLIER_MIN_INPUT_WIDTH_FOR_AUTO  ; 0            ; Untyped             ;
; DEDICATED_MULTIPLIER_MIN_OUTPUT_WIDTH_FOR_AUTO ; 0            ; Untyped             ;
; CBXI_PARAMETER                                 ; mult_73t     ; Untyped             ;
; INPUT_A_FIXED_VALUE                            ; Bx           ; Untyped             ;
; INPUT_B_FIXED_VALUE                            ; Bx           ; Untyped             ;
; USE_AHDL_IMPLEMENTATION                        ; OFF          ; Untyped             ;
+------------------------------------------------+--------------+---------------------+
Note: In order to hide this table in the UI and the text report file, please set the "Show Parameter Settings in Synthesis Report" option in "Analysis and Synthesis Settings -> More Settings" to "Off".


+--------------------------------------------------------+
; lpm_mult Parameter Settings by Entity Instance         ;
+---------------------------------------+----------------+
; Name                                  ; Value          ;
+---------------------------------------+----------------+
; Number of entity instances            ; 1              ;
; Entity Instance                       ; lpm_mult:Mult0 ;
;     -- LPM_WIDTHA                     ; 8              ;
;     -- LPM_WIDTHB                     ; 8              ;
;     -- LPM_WIDTHP                     ; 16             ;
;     -- LPM_REPRESENTATION             ; SIGNED         ;
;     -- INPUT_A_IS_CONSTANT            ; NO             ;
;     -- INPUT_B_IS_CONSTANT            ; NO             ;
;     -- USE_EAB                        ; OFF            ;
;     -- DEDICATED_MULTIPLIER_CIRCUITRY ; AUTO           ;
;     -- INPUT_A_FIXED_VALUE            ; Bx             ;
;     -- INPUT_B_FIXED_VALUE            ; Bx             ;
+---------------------------------------+----------------+


+------------------------------------------------------------------------------------------------------------------------+
; Port Connectivity Checks: "DisplayDriverALU4_4FP:DisplayDriver|BCDto7Segs:DisplayDecoder4"                             ;
+--------------+--------+----------+-------------------------------------------------------------------------------------+
; Port         ; Type   ; Severity ; Details                                                                             ;
+--------------+--------+----------+-------------------------------------------------------------------------------------+
; i_disppoint  ; Input  ; Info     ; Stuck at GND                                                                        ;
; i_chipen     ; Input  ; Info     ; Stuck at VCC                                                                        ;
; o_dispenable ; Output ; Info     ; Connected to dangling logic. Logic that only feeds a dangling port will be removed. ;
; o_disppoint  ; Output ; Info     ; Connected to dangling logic. Logic that only feeds a dangling port will be removed. ;
+--------------+--------+----------+-------------------------------------------------------------------------------------+


+------------------------------------------------------------------------------------------------------------------------+
; Port Connectivity Checks: "DisplayDriverALU4_4FP:DisplayDriver|BCDto7Segs:DisplayDecoder3"                             ;
+--------------+--------+----------+-------------------------------------------------------------------------------------+
; Port         ; Type   ; Severity ; Details                                                                             ;
+--------------+--------+----------+-------------------------------------------------------------------------------------+
; i_disppoint  ; Input  ; Info     ; Stuck at GND                                                                        ;
; i_chipen     ; Input  ; Info     ; Stuck at VCC                                                                        ;
; o_dispenable ; Output ; Info     ; Connected to dangling logic. Logic that only feeds a dangling port will be removed. ;
; o_disppoint  ; Output ; Info     ; Connected to dangling logic. Logic that only feeds a dangling port will be removed. ;
+--------------+--------+----------+-------------------------------------------------------------------------------------+


+------------------------------------------------------------------------------------------------------------------------+
; Port Connectivity Checks: "DisplayDriverALU4_4FP:DisplayDriver|BCDto7Segs:DisplayDecoder2"                             ;
+--------------+--------+----------+-------------------------------------------------------------------------------------+
; Port         ; Type   ; Severity ; Details                                                                             ;
+--------------+--------+----------+-------------------------------------------------------------------------------------+
; i_disppoint  ; Input  ; Info     ; Stuck at GND                                                                        ;
; i_chipen     ; Input  ; Info     ; Stuck at VCC                                                                        ;
; o_dispenable ; Output ; Info     ; Connected to dangling logic. Logic that only feeds a dangling port will be removed. ;
; o_disppoint  ; Output ; Info     ; Connected to dangling logic. Logic that only feeds a dangling port will be removed. ;
+--------------+--------+----------+-------------------------------------------------------------------------------------+


+------------------------------------------------------------------------------------------------------------------------+
; Port Connectivity Checks: "DisplayDriverALU4_4FP:DisplayDriver|BCDto7Segs:DisplayDecoder1"                             ;
+--------------+--------+----------+-------------------------------------------------------------------------------------+
; Port         ; Type   ; Severity ; Details                                                                             ;
+--------------+--------+----------+-------------------------------------------------------------------------------------+
; i_disppoint  ; Input  ; Info     ; Stuck at VCC                                                                        ;
; i_chipen     ; Input  ; Info     ; Stuck at VCC                                                                        ;
; o_dispenable ; Output ; Info     ; Connected to dangling logic. Logic that only feeds a dangling port will be removed. ;
; o_disppoint  ; Output ; Info     ; Connected to dangling logic. Logic that only feeds a dangling port will be removed. ;
+--------------+--------+----------+-------------------------------------------------------------------------------------+


+--------------------------------------------------------------------------------------------------------------------------------------------------------------------------------+
; Port Connectivity Checks: "DisplayDriverALU4_4FP:DisplayDriver"                                                                                                                ;
+--------------+-------+----------+----------------------------------------------------------------------------------------------------------------------------------------------+
; Port         ; Type  ; Severity ; Details                                                                                                                                      ;
+--------------+-------+----------+----------------------------------------------------------------------------------------------------------------------------------------------+
; i_fixedpoint ; Input ; Warning  ; Declared by entity but not connected by instance. If a default value exists, it will be used.  Otherwise, the port will be connected to GND. ;
+--------------+-------+----------+----------------------------------------------------------------------------------------------------------------------------------------------+


+-----------------------------------------------------+
; Post-Synthesis Netlist Statistics for Top Partition ;
+-----------------------+-----------------------------+
; Type                  ; Count                       ;
+-----------------------+-----------------------------+
; boundary_port         ; 36                          ;
; cycloneiii_ff         ; 19                          ;
;     SCLR              ; 17                          ;
;     plain             ; 2                           ;
; cycloneiii_lcell_comb ; 110                         ;
;     arith             ; 31                          ;
;         2 data inputs ; 16                          ;
;         3 data inputs ; 15                          ;
;     normal            ; 79                          ;
;         0 data inputs ; 2                           ;
;         1 data inputs ; 2                           ;
;         2 data inputs ; 18                          ;
;         3 data inputs ; 12                          ;
;         4 data inputs ; 45                          ;
; cycloneiii_mac_mult   ; 1                           ;
; cycloneiii_mac_out    ; 1                           ;
;                       ;                             ;
; Max LUT depth         ; 7.80                        ;
; Average LUT depth     ; 4.58                        ;
+-----------------------+-----------------------------+


+-------------------------------+
; Elapsed Time Per Partition    ;
+----------------+--------------+
; Partition Name ; Elapsed Time ;
+----------------+--------------+
; Top            ; 00:00:00     ;
+----------------+--------------+


+-------------------------------+
; Analysis & Synthesis Messages ;
+-------------------------------+
Info: *******************************************************************
Info: Running Quartus Prime Analysis & Synthesis
    Info: Version 22.1std.2 Build 922 07/20/2023 SC Lite Edition
    Info: Processing started: Mon Oct 16 17:22:31 2023
Info: Command: quartus_map --read_settings_files=on --write_settings_files=off ALU8BitsDisplaysFP -c ALU8BitsDisplaysFP
Info (20032): Parallel compilation is enabled and will use up to 16 processors
Info (12021): Found 2 design units, including 1 entities, in source file ALU8BitsDisplaysFP.vhd
    Info (12022): Found design unit 1: ALU8BitsDisplaysFP-rtl File: /home/lord448/Documentos/TEC/9no/Hardware/Repo/Practica2/ALU8BitsDisplaysFP/ALU8BitsDisplaysFP.vhd Line: 23
    Info (12023): Found entity 1: ALU8BitsDisplaysFP File: /home/lord448/Documentos/TEC/9no/Hardware/Repo/Practica2/ALU8BitsDisplaysFP/ALU8BitsDisplaysFP.vhd Line: 6
Info (12021): Found 2 design units, including 1 entities, in source file BCDto7Segs.vhd
    Info (12022): Found design unit 1: BCDto7Segs-rtl File: /home/lord448/Documentos/TEC/9no/Hardware/Repo/Practica2/ALU8BitsDisplaysFP/BCDto7Segs.vhd Line: 16
    Info (12023): Found entity 1: BCDto7Segs File: /home/lord448/Documentos/TEC/9no/Hardware/Repo/Practica2/ALU8BitsDisplaysFP/BCDto7Segs.vhd Line: 5
Info (12021): Found 2 design units, including 1 entities, in source file DisplayDriverALU4_4FP.vhd
    Info (12022): Found design unit 1: DisplayDriverALU4_4FP-rtl File: /home/lord448/Documentos/TEC/9no/Hardware/Repo/Practica2/ALU8BitsDisplaysFP/DisplayDriverALU4_4FP.vhd Line: 22
    Info (12023): Found entity 1: DisplayDriverALU4_4FP File: /home/lord448/Documentos/TEC/9no/Hardware/Repo/Practica2/ALU8BitsDisplaysFP/DisplayDriverALU4_4FP.vhd Line: 6
Info (12127): Elaborating entity "ALU8BitsDisplaysFP" for the top level hierarchy
Info (12128): Elaborating entity "DisplayDriverALU4_4FP" for hierarchy "DisplayDriverALU4_4FP:DisplayDriver" File: /home/lord448/Documentos/TEC/9no/Hardware/Repo/Practica2/ALU8BitsDisplaysFP/ALU8BitsDisplaysFP.vhd Line: 52
Warning (10492): VHDL Process Statement warning at DisplayDriverALU4_4FP.vhd(97): signal "r_SegsConn1" is read inside the Process Statement but isn't in the Process Statement's sensitivity list File: /home/lord448/Documentos/TEC/9no/Hardware/Repo/Practica2/ALU8BitsDisplaysFP/DisplayDriverALU4_4FP.vhd Line: 97
Warning (10492): VHDL Process Statement warning at DisplayDriverALU4_4FP.vhd(98): signal "r_SegsConn2" is read inside the Process Statement but isn't in the Process Statement's sensitivity list File: /home/lord448/Documentos/TEC/9no/Hardware/Repo/Practica2/ALU8BitsDisplaysFP/DisplayDriverALU4_4FP.vhd Line: 98
Warning (10492): VHDL Process Statement warning at DisplayDriverALU4_4FP.vhd(99): signal "r_SegsConn3" is read inside the Process Statement but isn't in the Process Statement's sensitivity list File: /home/lord448/Documentos/TEC/9no/Hardware/Repo/Practica2/ALU8BitsDisplaysFP/DisplayDriverALU4_4FP.vhd Line: 99
Warning (10492): VHDL Process Statement warning at DisplayDriverALU4_4FP.vhd(100): signal "r_SegsConn4" is read inside the Process Statement but isn't in the Process Statement's sensitivity list File: /home/lord448/Documentos/TEC/9no/Hardware/Repo/Practica2/ALU8BitsDisplaysFP/DisplayDriverALU4_4FP.vhd Line: 100
Warning (10492): VHDL Process Statement warning at DisplayDriverALU4_4FP.vhd(115): signal "r_Show" is read inside the Process Statement but isn't in the Process Statement's sensitivity list File: /home/lord448/Documentos/TEC/9no/Hardware/Repo/Practica2/ALU8BitsDisplaysFP/DisplayDriverALU4_4FP.vhd Line: 115
Warning (10492): VHDL Process Statement warning at DisplayDriverALU4_4FP.vhd(117): signal "r_Segs1" is read inside the Process Statement but isn't in the Process Statement's sensitivity list File: /home/lord448/Documentos/TEC/9no/Hardware/Repo/Practica2/ALU8BitsDisplaysFP/DisplayDriverALU4_4FP.vhd Line: 117
Warning (10492): VHDL Process Statement warning at DisplayDriverALU4_4FP.vhd(118): signal "i_FixedPoint" is read inside the Process Statement but isn't in the Process Statement's sensitivity list File: /home/lord448/Documentos/TEC/9no/Hardware/Repo/Practica2/ALU8BitsDisplaysFP/DisplayDriverALU4_4FP.vhd Line: 118
Warning (10492): VHDL Process Statement warning at DisplayDriverALU4_4FP.vhd(124): signal "r_Segs2" is read inside the Process Statement but isn't in the Process Statement's sensitivity list File: /home/lord448/Documentos/TEC/9no/Hardware/Repo/Practica2/ALU8BitsDisplaysFP/DisplayDriverALU4_4FP.vhd Line: 124
Warning (10492): VHDL Process Statement warning at DisplayDriverALU4_4FP.vhd(125): signal "i_FixedPoint" is read inside the Process Statement but isn't in the Process Statement's sensitivity list File: /home/lord448/Documentos/TEC/9no/Hardware/Repo/Practica2/ALU8BitsDisplaysFP/DisplayDriverALU4_4FP.vhd Line: 125
Warning (10492): VHDL Process Statement warning at DisplayDriverALU4_4FP.vhd(131): signal "r_Segs3" is read inside the Process Statement but isn't in the Process Statement's sensitivity list File: /home/lord448/Documentos/TEC/9no/Hardware/Repo/Practica2/ALU8BitsDisplaysFP/DisplayDriverALU4_4FP.vhd Line: 131
Warning (10492): VHDL Process Statement warning at DisplayDriverALU4_4FP.vhd(132): signal "i_FixedPoint" is read inside the Process Statement but isn't in the Process Statement's sensitivity list File: /home/lord448/Documentos/TEC/9no/Hardware/Repo/Practica2/ALU8BitsDisplaysFP/DisplayDriverALU4_4FP.vhd Line: 132
Warning (10492): VHDL Process Statement warning at DisplayDriverALU4_4FP.vhd(138): signal "r_Segs4" is read inside the Process Statement but isn't in the Process Statement's sensitivity list File: /home/lord448/Documentos/TEC/9no/Hardware/Repo/Practica2/ALU8BitsDisplaysFP/DisplayDriverALU4_4FP.vhd Line: 138
Warning (10492): VHDL Process Statement warning at DisplayDriverALU4_4FP.vhd(139): signal "i_FixedPoint" is read inside the Process Statement but isn't in the Process Statement's sensitivity list File: /home/lord448/Documentos/TEC/9no/Hardware/Repo/Practica2/ALU8BitsDisplaysFP/DisplayDriverALU4_4FP.vhd Line: 139
Info (12128): Elaborating entity "BCDto7Segs" for hierarchy "DisplayDriverALU4_4FP:DisplayDriver|BCDto7Segs:DisplayDecoder1" File: /home/lord448/Documentos/TEC/9no/Hardware/Repo/Practica2/ALU8BitsDisplaysFP/DisplayDriverALU4_4FP.vhd Line: 55
Info (278001): Inferred 1 megafunctions from design logic
    Info (278003): Inferred multiplier megafunction ("lpm_mult") from the following logic: "Mult0" File: /home/lord448/Documentos/TEC/9no/Hardware/Repo/Practica2/ALU8BitsDisplaysFP/ALU8BitsDisplaysFP.vhd Line: 81
Info (12130): Elaborated megafunction instantiation "lpm_mult:Mult0" File: /home/lord448/Documentos/TEC/9no/Hardware/Repo/Practica2/ALU8BitsDisplaysFP/ALU8BitsDisplaysFP.vhd Line: 81
Info (12133): Instantiated megafunction "lpm_mult:Mult0" with the following parameter: File: /home/lord448/Documentos/TEC/9no/Hardware/Repo/Practica2/ALU8BitsDisplaysFP/ALU8BitsDisplaysFP.vhd Line: 81
    Info (12134): Parameter "LPM_WIDTHA" = "8"
    Info (12134): Parameter "LPM_WIDTHB" = "8"
    Info (12134): Parameter "LPM_WIDTHP" = "16"
    Info (12134): Parameter "LPM_WIDTHR" = "16"
    Info (12134): Parameter "LPM_WIDTHS" = "1"
    Info (12134): Parameter "LPM_REPRESENTATION" = "SIGNED"
    Info (12134): Parameter "INPUT_A_IS_CONSTANT" = "NO"
    Info (12134): Parameter "INPUT_B_IS_CONSTANT" = "NO"
    Info (12134): Parameter "MAXIMIZE_SPEED" = "5"
Info (12021): Found 1 design units, including 1 entities, in source file db/mult_73t.tdf
    Info (12023): Found entity 1: mult_73t File: /home/lord448/Documentos/TEC/9no/Hardware/Repo/Practica2/ALU8BitsDisplaysFP/db/mult_73t.tdf Line: 29
Warning (12241): 1 hierarchies have connectivity warnings - see the Connectivity Checks report folder
Warning (13024): Output pins are stuck at VCC or GND
    Warning (13410): Pin "o_DispPoint" is stuck at VCC File: /home/lord448/Documentos/TEC/9no/Hardware/Repo/Practica2/ALU8BitsDisplaysFP/ALU8BitsDisplaysFP.vhd Line: 18
Info (286030): Timing-Driven Synthesis is running
Info (16010): Generating hard_block partition "hard_block:auto_generated_inst"
    Info (16011): Adding 0 node(s), including 0 DDIO, 0 PLL, 0 transceiver and 0 LCELL
Warning (21074): Design contains 4 input pin(s) that do not drive logic
    Warning (15610): No output dependent on input pin "i_FixedPoint[0]" File: /home/lord448/Documentos/TEC/9no/Hardware/Repo/Practica2/ALU8BitsDisplaysFP/ALU8BitsDisplaysFP.vhd Line: 14
    Warning (15610): No output dependent on input pin "i_FixedPoint[1]" File: /home/lord448/Documentos/TEC/9no/Hardware/Repo/Practica2/ALU8BitsDisplaysFP/ALU8BitsDisplaysFP.vhd Line: 14
    Warning (15610): No output dependent on input pin "i_FixedPoint[2]" File: /home/lord448/Documentos/TEC/9no/Hardware/Repo/Practica2/ALU8BitsDisplaysFP/ALU8BitsDisplaysFP.vhd Line: 14
    Warning (15610): No output dependent on input pin "i_FixedPoint[3]" File: /home/lord448/Documentos/TEC/9no/Hardware/Repo/Practica2/ALU8BitsDisplaysFP/ALU8BitsDisplaysFP.vhd Line: 14
Info (21057): Implemented 145 device resources after synthesis - the final resource count might be different
    Info (21058): Implemented 23 input pins
    Info (21059): Implemented 13 output pins
    Info (21061): Implemented 108 logic cells
    Info (21062): Implemented 1 DSP elements
Info: Quartus Prime Analysis & Synthesis was successful. 0 errors, 21 warnings
    Info: Peak virtual memory: 518 megabytes
    Info: Processing ended: Mon Oct 16 17:22:37 2023
    Info: Elapsed time: 00:00:06
    Info: Total CPU time (on all processors): 00:00:19


