Flow report for UART
Fri Dec  1 17:16:53 2023
Quartus Prime Version 22.1std.2 Build 922 07/20/2023 SC Lite Edition


---------------------
; Table of Contents ;
---------------------
  1. Legal Notice
  2. Flow Summary
  3. Flow Settings
  4. Flow Non-Default Global Settings
  5. Flow Elapsed Time
  6. Flow OS Summary
  7. Flow Log
  8. Flow Messages
  9. Flow Suppressed Messages



----------------
; Legal Notice ;
----------------
Copyright (C) 2023  Intel Corporation. All rights reserved.
Your use of Intel Corporation's design tools, logic functions 
and other software and tools, and any partner logic 
functions, and any output files from any of the foregoing 
(including device programming or simulation files), and any 
associated documentation or information are expressly subject 
to the terms and conditions of the Intel Program License 
Subscription Agreement, the Intel Quartus Prime License Agreement,
the Intel FPGA IP License Agreement, or other applicable license
agreement, including, without limitation, that your use is for
the sole purpose of programming logic devices manufactured by
Intel and sold by Intel or its authorized distributors.  Please
refer to the applicable agreement for further details, at
https://fpgasoftware.intel.com/eula.



+-------------------------------------------------------------------------------------+
; Flow Summary                                                                        ;
+------------------------------------+------------------------------------------------+
; Flow Status                        ; Successful - Fri Dec  1 17:16:49 2023          ;
; Quartus Prime Version              ; 22.1std.2 Build 922 07/20/2023 SC Lite Edition ;
; Revision Name                      ; UART                                           ;
; Top-level Entity Name              ; UART_PR                                        ;
; Family                             ; Cyclone IV E                                   ;
; Device                             ; EP4CE6E22C8                                    ;
; Timing Models                      ; Final                                          ;
; Total logic elements               ; 5,014 / 6,272 ( 80 % )                         ;
;     Total combinational functions  ; 4,610 / 6,272 ( 74 % )                         ;
;     Dedicated logic registers      ; 2,584 / 6,272 ( 41 % )                         ;
; Total registers                    ; 2584                                           ;
; Total pins                         ; 31 / 92 ( 34 % )                               ;
; Total virtual pins                 ; 0                                              ;
; Total memory bits                  ; 145,088 / 276,480 ( 52 % )                     ;
; Embedded Multiplier 9-bit elements ; 6 / 30 ( 20 % )                                ;
; Total PLLs                         ; 0 / 2 ( 0 % )                                  ;
+------------------------------------+------------------------------------------------+


+-----------------------------------------+
; Flow Settings                           ;
+-------------------+---------------------+
; Option            ; Setting             ;
+-------------------+---------------------+
; Start date & time ; 12/01/2023 17:15:52 ;
; Main task         ; Compilation         ;
; Revision Name     ; UART                ;
+-------------------+---------------------+


+-----------------------------------------------------------------------------------------------------------------------------------------------------------------+
; Flow Non-Default Global Settings                                                                                                                                ;
+-------------------------------------+---------------------------------------------------------+---------------+-------------+-----------------------------------+
; Assignment Name                     ; Value                                                   ; Default Value ; Entity Name ; Section Id                        ;
+-------------------------------------+---------------------------------------------------------+---------------+-------------+-----------------------------------+
; COMPILER_SIGNATURE_ID               ; 57715611127863.170147255240569                          ; --            ; --          ; --                                ;
; EDA_GENERATE_FUNCTIONAL_NETLIST     ; Off                                                     ; --            ; --          ; eda_board_design_timing           ;
; EDA_GENERATE_FUNCTIONAL_NETLIST     ; Off                                                     ; --            ; --          ; eda_board_design_boundary_scan    ;
; EDA_GENERATE_FUNCTIONAL_NETLIST     ; Off                                                     ; --            ; --          ; eda_board_design_signal_integrity ;
; EDA_GENERATE_FUNCTIONAL_NETLIST     ; Off                                                     ; --            ; --          ; eda_board_design_symbol           ;
; EDA_OUTPUT_DATA_FORMAT              ; None                                                    ; --            ; --          ; eda_simulation                    ;
; EDA_TIME_SCALE                      ; 1 ps                                                    ; --            ; --          ; eda_simulation                    ;
; MAX_CORE_JUNCTION_TEMP              ; 85                                                      ; --            ; --          ; --                                ;
; MIN_CORE_JUNCTION_TEMP              ; 0                                                       ; --            ; --          ; --                                ;
; MISC_FILE                           ; NIOS2/synthesis/../NIOS2.cmp                            ; --            ; --          ; --                                ;
; MISC_FILE                           ; NIOS2/synthesis/../../NIOS2.qsys                        ; --            ; --          ; --                                ;
; NOMINAL_CORE_SUPPLY_VOLTAGE         ; 1.2V                                                    ; --            ; --          ; --                                ;
; PARTITION_COLOR                     ; -- (Not supported for targeted family)                  ; --            ; UART_PR     ; Top                               ;
; PARTITION_FITTER_PRESERVATION_LEVEL ; -- (Not supported for targeted family)                  ; --            ; UART_PR     ; Top                               ;
; PARTITION_NETLIST_TYPE              ; -- (Not supported for targeted family)                  ; --            ; UART_PR     ; Top                               ;
; POWER_BOARD_THERMAL_MODEL           ; None (CONSERVATIVE)                                     ; --            ; --          ; --                                ;
; POWER_PRESET_COOLING_SOLUTION       ; 23 MM HEAT SINK WITH 200 LFPM AIRFLOW                   ; --            ; --          ; --                                ;
; PROJECT_OUTPUT_DIRECTORY            ; output_files                                            ; --            ; --          ; --                                ;
; SLD_FILE                            ; NIOS2/synthesis/NIOS2.regmap                            ; --            ; --          ; --                                ;
; SLD_FILE                            ; NIOS2/synthesis/NIOS2.debuginfo                         ; --            ; --          ; --                                ;
; SLD_INFO                            ; QSYS_NAME NIOS2 HAS_SOPCINFO 1 GENERATION_ID 1701467901 ; --            ; NIOS2       ; --                                ;
; SOPCINFO_FILE                       ; NIOS2/synthesis/../../NIOS2.sopcinfo                    ; --            ; --          ; --                                ;
; SYNTHESIS_ONLY_QIP                  ; On                                                      ; --            ; --          ; --                                ;
; TOP_LEVEL_ENTITY                    ; UART_PR                                                 ; UART          ; --          ; --                                ;
+-------------------------------------+---------------------------------------------------------+---------------+-------------+-----------------------------------+


+--------------------------------------------------------------------------------------------------------------------------+
; Flow Elapsed Time                                                                                                        ;
+----------------------+--------------+-------------------------+---------------------+------------------------------------+
; Module Name          ; Elapsed Time ; Average Processors Used ; Peak Virtual Memory ; Total CPU Time (on all processors) ;
+----------------------+--------------+-------------------------+---------------------+------------------------------------+
; Analysis & Synthesis ; 00:00:37     ; 1.0                     ; 710 MB              ; 00:01:03                           ;
; Fitter               ; 00:00:13     ; 1.4                     ; 2039 MB             ; 00:00:26                           ;
; Assembler            ; 00:00:01     ; 1.0                     ; 388 MB              ; 00:00:02                           ;
; Timing Analyzer      ; 00:00:03     ; 1.8                     ; 662 MB              ; 00:00:04                           ;
; Total                ; 00:00:54     ; --                      ; --                  ; 00:01:35                           ;
+----------------------+--------------+-------------------------+---------------------+------------------------------------+


+------------------------------------------------------------------------------------+
; Flow OS Summary                                                                    ;
+----------------------+------------------+------------+------------+----------------+
; Module Name          ; Machine Hostname ; OS Name    ; OS Version ; Processor type ;
+----------------------+------------------+------------+------------+----------------+
; Analysis & Synthesis ; Lord448          ; Linux Mint ; 21         ; x86_64         ;
; Fitter               ; Lord448          ; Linux Mint ; 21         ; x86_64         ;
; Assembler            ; Lord448          ; Linux Mint ; 21         ; x86_64         ;
; Timing Analyzer      ; Lord448          ; Linux Mint ; 21         ; x86_64         ;
+----------------------+------------------+------------+------------+----------------+


------------
; Flow Log ;
------------
quartus_map --read_settings_files=on --write_settings_files=off UART -c UART
quartus_fit --read_settings_files=off --write_settings_files=off UART -c UART
quartus_asm --read_settings_files=off --write_settings_files=off UART -c UART
quartus_sta UART -c UART



